2024-06-08 21:31:49.842 | INFO     | __main__:<module>:16 - Server started !
2024-06-08 21:31:58.208 | INFO     | __main__:handler:1484 - Connection
2024-06-08 21:32:07.061 | INFO     | __main__:handler:1495 - Set AFK status
2024-06-08 21:32:08.635 | INFO     | __main__:handler:1484 - Connection
2024-06-08 21:32:11.629 | INFO     | __main__:handler:1484 - Connection
2024-06-08 21:32:11.638 | INFO     | __main__:handler:1889 - Name '' wanted
2024-06-08 21:32:11.638 | INFO     | __main__:handler:1893 - Bad name
2024-06-08 21:32:11.638 | INFO     | __main__:handler:1906 - 'LOL' is better
2024-06-08 21:32:11.705 | INFO     | __main__:handler:1700 - Player init
2024-06-08 21:32:56.486 | INFO     | __main__:handler:1872 - Player LOL informed about death
2024-06-08 21:32:56.547 | INFO     | __main__:handler:1495 - Set AFK status
2024-06-08 21:33:02.439 | INFO     | __main__:handler:1495 - Set AFK status
2024-06-08 21:33:06.205 | INFO     | __main__:handler:1484 - Connection
2024-06-08 21:33:23.102 | INFO     | __main__:handler:1484 - Connection
2024-06-08 21:33:23.103 | INFO     | __main__:handler:1889 - Name '' wanted
2024-06-08 21:33:23.103 | INFO     | __main__:handler:1893 - Bad name
2024-06-08 21:33:23.104 | INFO     | __main__:handler:1898 - 'A-19' is better
2024-06-08 21:33:23.187 | INFO     | __main__:handler:1700 - Player init
2024-06-08 21:34:46.209 | INFO     | __main__:handler:1872 - Player A-19 informed about death
2024-06-08 21:34:46.282 | INFO     | __main__:handler:1495 - Set AFK status
2024-06-08 21:34:47.872 | INFO     | __main__:handler:1495 - Set AFK status
2024-06-08 21:34:54.720 | INFO     | __main__:handler:1484 - Connection
2024-06-08 21:34:58.669 | INFO     | __main__:handler:1484 - Connection
2024-06-08 21:34:58.670 | INFO     | __main__:handler:1889 - Name '' wanted
2024-06-08 21:34:58.671 | INFO     | __main__:handler:1893 - Bad name
2024-06-08 21:34:58.671 | INFO     | __main__:handler:1906 - 'LOL' is better
2024-06-08 21:34:58.727 | INFO     | __main__:handler:1700 - Player init
